Using pre-set license
Built from '2020.3/staging' branch; Version is '2020.3.33f1 (915a7af8b0d5) revision 9525882'; Using compiler version '192528614'; Build Type 'Release'
OS: 'Windows 10  (10.0.19043) 64bit Core' Language: 'it' Physical Memory: 8114 MB
BatchMode: 1, IsHumanControllingUs: 0, StartBugReporterOnCrash: 0, Is64bit: 1, IsPro: 0

COMMAND LINE ARGUMENTS:
C:\Program Files\Unity\Hub\Editor\2020.3.33f1\Editor\Unity.exe
-adb2
-batchMode
-noUpm
-name
AssetImportWorker3
-projectPath
C:/Users/Andrea/Documents/GitHub/Breakout_Andrea-Flamigni
-logFile
Logs/AssetImportWorker3.log
-srvPort
54221
Successfully changed project path to: C:/Users/Andrea/Documents/GitHub/Breakout_Andrea-Flamigni
C:/Users/Andrea/Documents/GitHub/Breakout_Andrea-Flamigni
Using Asset Import Pipeline V2.
Refreshing native plugins compatible for Editor in 63.90 ms, found 3 plugins.
Preloading 0 native plugins for Editor in 0.00 ms.
Initialize engine version: 2020.3.33f1 (915a7af8b0d5)
[Subsystems] Discovering subsystems at path C:/Program Files/Unity/Hub/Editor/2020.3.33f1/Editor/Data/Resources/UnitySubsystems
[Subsystems] Discovering subsystems at path C:/Users/Andrea/Documents/GitHub/Breakout_Andrea-Flamigni/Assets
GfxDevice: creating device client; threaded=0
Direct3D:
    Version:  Direct3D 11.0 [level 11.0]
    Renderer: NVIDIA GeForce GTX 850M (ID=0x1391)
    Vendor:   
    VRAM:     4055 MB
    Driver:   30.0.14.7219
Initialize mono
Mono path[0] = 'C:/Program Files/Unity/Hub/Editor/2020.3.33f1/Editor/Data/Managed'
Mono path[1] = 'C:/Program Files/Unity/Hub/Editor/2020.3.33f1/Editor/Data/MonoBleedingEdge/lib/mono/unityjit'
Mono config path = 'C:/Program Files/Unity/Hub/Editor/2020.3.33f1/Editor/Data/MonoBleedingEdge/etc'
Using monoOptions --debugger-agent=transport=dt_socket,embedding=1,server=y,suspend=n,address=127.0.0.1:56892
Begin MonoManager ReloadAssembly
Registering precompiled unity dll's ...
Register platform support module: C:/Program Files/Unity/Hub/Editor/2020.3.33f1/Editor/Data/PlaybackEngines/WindowsStandaloneSupport/UnityEditor.WindowsStandalone.Extensions.dll
Registered in 0.005536 seconds.
Native extension for WindowsStandalone target not found
Refreshing native plugins compatible for Editor in 59.94 ms, found 3 plugins.
Preloading 0 native plugins for Editor in 0.00 ms.
Mono: successfully reloaded assembly
- Completed reload, in  0.859 seconds
Domain Reload Profiling:
	ReloadAssembly (859ms)
		BeginReloadAssembly (122ms)
			ExecutionOrderSort (0ms)
			DisableScriptedObjects (0ms)
			BackupInstance (0ms)
			ReleaseScriptingObjects (0ms)
			CreateAndSetChildDomain (1ms)
		EndReloadAssembly (625ms)
			LoadAssemblies (117ms)
			RebuildTransferFunctionScriptingTraits (0ms)
			SetupTypeCache (203ms)
			ReleaseScriptCaches (0ms)
			RebuildScriptCaches (42ms)
			SetupLoadedEditorAssemblies (235ms)
				LogAssemblyErrors (0ms)
				InitializePlatformSupportModulesInManaged (6ms)
				SetLoadedEditorAssemblies (0ms)
				RefreshPlugins (60ms)
				BeforeProcessingInitializeOnLoad (11ms)
				ProcessInitializeOnLoadAttributes (119ms)
				ProcessInitializeOnLoadMethodAttributes (38ms)
				AfterProcessingInitializeOnLoad (0ms)
				EditorAssembliesLoaded (0ms)
			ExecutionOrderSort2 (0ms)
			AwakeInstancesAfterBackupRestoration (0ms)
Platform modules already initialized, skipping
Registering precompiled user dll's ...
Registered in 0.007448 seconds.
Begin MonoManager ReloadAssembly
Symbol file LoadedFromMemory doesn't match image C:\Users\Andrea\Documents\GitHub\Breakout_Andrea-Flamigni\Library\PackageCache\com.unity.collab-proxy@1.15.15\Lib\Editor\PlasticSCM\unityplastic.dll
Native extension for WindowsStandalone target not found
Refreshing native plugins compatible for Editor in 86.46 ms, found 3 plugins.
Preloading 0 native plugins for Editor in 0.00 ms.
Mono: successfully reloaded assembly
- Completed reload, in  4.095 seconds
Domain Reload Profiling:
	ReloadAssembly (4098ms)
		BeginReloadAssembly (268ms)
			ExecutionOrderSort (0ms)
			DisableScriptedObjects (8ms)
			BackupInstance (0ms)
			ReleaseScriptingObjects (0ms)
			CreateAndSetChildDomain (25ms)
		EndReloadAssembly (3722ms)
			LoadAssemblies (1791ms)
			RebuildTransferFunctionScriptingTraits (0ms)
			SetupTypeCache (551ms)
			ReleaseScriptCaches (1ms)
			RebuildScriptCaches (71ms)
			SetupLoadedEditorAssemblies (1030ms)
				LogAssemblyErrors (0ms)
				InitializePlatformSupportModulesInManaged (12ms)
				SetLoadedEditorAssemblies (0ms)
				RefreshPlugins (87ms)
				BeforeProcessingInitializeOnLoad (153ms)
				ProcessInitializeOnLoadAttributes (500ms)
				ProcessInitializeOnLoadMethodAttributes (246ms)
				AfterProcessingInitializeOnLoad (32ms)
				EditorAssembliesLoaded (0ms)
			ExecutionOrderSort2 (0ms)
			AwakeInstancesAfterBackupRestoration (14ms)
Platform modules already initialized, skipping
========================================================================
Worker process is ready to serve import requests
Launched and connected shader compiler UnityShaderCompiler.exe after 0.53 seconds
Refreshing native plugins compatible for Editor in 1.44 ms, found 3 plugins.
Preloading 0 native plugins for Editor in 0.00 ms.
Unloading 2214 Unused Serialized files (Serialized files now loaded: 0)
System memory in use before: 97.5 MB.
System memory in use after: 97.6 MB.

Unloading 25 unused Assets to reduce memory usage. Loaded Objects now: 2655.
Total: 6.027300 ms (FindLiveObjects: 0.265100 ms CreateObjectMapping: 0.453900 ms MarkObjects: 5.194400 ms  DeleteObjects: 0.112400 ms)

AssetImportParameters requested are different than current active one (requested -> active):
  custom:framework-win-MediaFoundation: 216162199b28c13a410421893ffa2e32 -> 
  custom:video-decoder-ogg-theora: a1e56fd34408186e4bbccfd4996cb3dc -> 
  custom:container-muxer-webm: aa71ff27fc2769a1b78a27578f13a17b -> 
  custom:container-demuxer-webm: 4f35f7cbe854078d1ac9338744f61a02 -> 
  custom:container-demuxer-ogg: 62fdf1f143b41e24485cea50d1cbac27 -> 
  custom:video-encoder-webm-vp8: eb34c28f22e8b96e1ab97ce403110664 -> 
  custom:video-codec-MediaFoundation-h265: 746d11721c4dcdbdad8f713fa42b33f4 -> 
  custom:video-decoder-webm-vp8: 9c59270c3fd7afecdb556c50c9e8de78 -> 
  custom:audio-decoder-ogg-vorbis: bf7c407c2cedff20999df2af8eb42d56 -> 
  custom:audio-encoder-webm-vorbis: bf7c407c2cedff20999df2af8eb42d56 -> 
========================================================================
Received Import Request.
  path: Assets/spaceship_sprites/texture
  artifactKey: Guid(54ec473595322fc4b92dbb0fe0150618) Importer(815301076,1909f56bfc062723c751e8b465ee728b)
Start importing Assets/spaceship_sprites/texture using Guid(54ec473595322fc4b92dbb0fe0150618) Importer(815301076,1909f56bfc062723c751e8b465ee728b)  -> (artifact id: '04392162208b68f14c13ba37a1a8ccaf') in 0.012489 seconds 
========================================================================
Received Import Request.
  Time since last request: 0.000534 seconds.
  path: Assets/spaceship_sprites/texture/spaceships.psd
  artifactKey: Guid(8d18f6d2b73e89b4882fbf3bb5aedb4b) Importer(815301076,1909f56bfc062723c751e8b465ee728b)
Start importing Assets/spaceship_sprites/texture/spaceships.psd using Guid(8d18f6d2b73e89b4882fbf3bb5aedb4b) Importer(815301076,1909f56bfc062723c751e8b465ee728b)  -> (artifact id: 'd0146772b026eb1fdfb554f35b510d1b') in 1.685041 seconds 
========================================================================
Received Import Request.
  Time since last request: 182.609753 seconds.
  path: Assets/Galaxia Sprite Pack #1/Player/idle_player_basic.png
  artifactKey: Guid(7b52acf0fd6dff8419cf32e5c13881f0) Importer(815301076,1909f56bfc062723c751e8b465ee728b)
Start importing Assets/Galaxia Sprite Pack #1/Player/idle_player_basic.png using Guid(7b52acf0fd6dff8419cf32e5c13881f0) Importer(815301076,1909f56bfc062723c751e8b465ee728b)  -> (artifact id: '328073882969d00def7c6fd447fa8070') in 0.193249 seconds 
========================================================================
Received Import Request.
  Time since last request: 0.000781 seconds.
  path: Assets/Galaxia Sprite Pack #1/Player/idle_player_upgrade2.png
  artifactKey: Guid(f116b41b25d35934fbe991d13657e019) Importer(815301076,1909f56bfc062723c751e8b465ee728b)
Start importing Assets/Galaxia Sprite Pack #1/Player/idle_player_upgrade2.png using Guid(f116b41b25d35934fbe991d13657e019) Importer(815301076,1909f56bfc062723c751e8b465ee728b)  -> (artifact id: 'a8fb121224a75911d0a7786174528556') in 0.043330 seconds 
========================================================================
Received Import Request.
  Time since last request: 0.000448 seconds.
  path: Assets/Galaxia Sprite Pack #1/Player/idle_player_upgrade1.png
  artifactKey: Guid(cab67442bb6328543af3dd33c6fa8780) Importer(815301076,1909f56bfc062723c751e8b465ee728b)
Start importing Assets/Galaxia Sprite Pack #1/Player/idle_player_upgrade1.png using Guid(cab67442bb6328543af3dd33c6fa8780) Importer(815301076,1909f56bfc062723c751e8b465ee728b)  -> (artifact id: 'c45702a25fe2d4353ecdb0646ddf8fb5') in 0.038850 seconds 
========================================================================
Received Import Request.
  Time since last request: 45.486186 seconds.
  path: Assets/Galaxia Sprite Pack #1/Enemy/idle_bomber_green.png
  artifactKey: Guid(56333afa39cd62b4298f591910f04bc5) Importer(815301076,1909f56bfc062723c751e8b465ee728b)
Start importing Assets/Galaxia Sprite Pack #1/Enemy/idle_bomber_green.png using Guid(56333afa39cd62b4298f591910f04bc5) Importer(815301076,1909f56bfc062723c751e8b465ee728b)  -> (artifact id: '97bb6fb6a2c0172266cdf568655b59bb') in 0.022269 seconds 
========================================================================
Received Import Request.
  Time since last request: 0.001089 seconds.
  path: Assets/Galaxia Sprite Pack #1/Enemy/idle_drone_blue.png
  artifactKey: Guid(125d5be502cbe3a418c97ea911b93155) Importer(815301076,1909f56bfc062723c751e8b465ee728b)
Start importing Assets/Galaxia Sprite Pack #1/Enemy/idle_drone_blue.png using Guid(125d5be502cbe3a418c97ea911b93155) Importer(815301076,1909f56bfc062723c751e8b465ee728b)  -> (artifact id: '3c783237cc05aaa4f10af4ad81d98489') in 0.040220 seconds 
========================================================================
Received Import Request.
  Time since last request: 0.000701 seconds.
  path: Assets/Galaxia Sprite Pack #1/Enemy/idle_orb_blue.png
  artifactKey: Guid(36da0b7bdceee7a48851d5dd2aefe98f) Importer(815301076,1909f56bfc062723c751e8b465ee728b)
Start importing Assets/Galaxia Sprite Pack #1/Enemy/idle_orb_blue.png using Guid(36da0b7bdceee7a48851d5dd2aefe98f) Importer(815301076,1909f56bfc062723c751e8b465ee728b)  -> (artifact id: '98b2a4888ab77573e9a63c7e90070c0f') in 0.031254 seconds 
========================================================================
Received Import Request.
  Time since last request: 0.000407 seconds.
  path: Assets/Galaxia Sprite Pack #1/Enemy/idle_bomber_red.png
  artifactKey: Guid(2891d59158f4f7e4c8d006fbc2e55cc9) Importer(815301076,1909f56bfc062723c751e8b465ee728b)
Start importing Assets/Galaxia Sprite Pack #1/Enemy/idle_bomber_red.png using Guid(2891d59158f4f7e4c8d006fbc2e55cc9) Importer(815301076,1909f56bfc062723c751e8b465ee728b)  -> (artifact id: '419ba149bfccb24b1a3dae4f7b97d932') in 0.025492 seconds 
========================================================================
Received Import Request.
  Time since last request: 0.000486 seconds.
  path: Assets/Galaxia Sprite Pack #1/Enemy/idle_drone_purple.png
  artifactKey: Guid(278b61a9028b9194ba3d4eeadb00f4fb) Importer(815301076,1909f56bfc062723c751e8b465ee728b)
Start importing Assets/Galaxia Sprite Pack #1/Enemy/idle_drone_purple.png using Guid(278b61a9028b9194ba3d4eeadb00f4fb) Importer(815301076,1909f56bfc062723c751e8b465ee728b)  -> (artifact id: 'ae798866baaf66dea2ad463dfe86f720') in 0.026842 seconds 
========================================================================
Received Import Request.
  Time since last request: 0.000634 seconds.
  path: Assets/Galaxia Sprite Pack #1/Enemy/idle_heavy_yellow.png
  artifactKey: Guid(ec56ac9d9347f984dad9bde8e4f3ae4a) Importer(815301076,1909f56bfc062723c751e8b465ee728b)
Start importing Assets/Galaxia Sprite Pack #1/Enemy/idle_heavy_yellow.png using Guid(ec56ac9d9347f984dad9bde8e4f3ae4a) Importer(815301076,1909f56bfc062723c751e8b465ee728b)  -> (artifact id: '3b9a2251dce2b091683f9d46d63889bb') in 0.028285 seconds 
========================================================================
Received Import Request.
  Time since last request: 0.001335 seconds.
  path: Assets/Galaxia Sprite Pack #1/Enemy/idle_scout_red.png
  artifactKey: Guid(f680e5047c3880e4285d455c7e341a44) Importer(815301076,1909f56bfc062723c751e8b465ee728b)
Start importing Assets/Galaxia Sprite Pack #1/Enemy/idle_scout_red.png using Guid(f680e5047c3880e4285d455c7e341a44) Importer(815301076,1909f56bfc062723c751e8b465ee728b)  -> (artifact id: '8c47fbf922ca8935544e11a3313242e1') in 0.042936 seconds 
========================================================================
Received Import Request.
  Time since last request: 0.000407 seconds.
  path: Assets/Galaxia Sprite Pack #1/Enemy/idle_orb_red.png
  artifactKey: Guid(4c8a2444f139c1447b5bd181110e264b) Importer(815301076,1909f56bfc062723c751e8b465ee728b)
Start importing Assets/Galaxia Sprite Pack #1/Enemy/idle_orb_red.png using Guid(4c8a2444f139c1447b5bd181110e264b) Importer(815301076,1909f56bfc062723c751e8b465ee728b)  -> (artifact id: '52e1046310dae677955ca814b0ee0e96') in 0.091141 seconds 
========================================================================
Received Import Request.
  Time since last request: 0.000537 seconds.
  path: Assets/Galaxia Sprite Pack #1/Enemy/idle_drone_green.png
  artifactKey: Guid(441204ce661f32640838942da466ce4d) Importer(815301076,1909f56bfc062723c751e8b465ee728b)
Start importing Assets/Galaxia Sprite Pack #1/Enemy/idle_drone_green.png using Guid(441204ce661f32640838942da466ce4d) Importer(815301076,1909f56bfc062723c751e8b465ee728b)  -> (artifact id: '3e755b585d2ef8cd97d174ef226615ac') in 0.027162 seconds 
========================================================================
Received Import Request.
  Time since last request: 0.000474 seconds.
  path: Assets/Galaxia Sprite Pack #1/Enemy/idle_orb_green.png
  artifactKey: Guid(a8b9579cc05ec924b8db3e8422459a0b) Importer(815301076,1909f56bfc062723c751e8b465ee728b)
Start importing Assets/Galaxia Sprite Pack #1/Enemy/idle_orb_green.png using Guid(a8b9579cc05ec924b8db3e8422459a0b) Importer(815301076,1909f56bfc062723c751e8b465ee728b)  -> (artifact id: '20e118570f2508217e1c4d9fc0967877') in 0.032104 seconds 
========================================================================
Received Import Request.
  Time since last request: 0.000849 seconds.
  path: Assets/Galaxia Sprite Pack #1/Enemy/idle_drone_orange.png
  artifactKey: Guid(e0eb2fcf83877bc4397b3002bf39153c) Importer(815301076,1909f56bfc062723c751e8b465ee728b)
Start importing Assets/Galaxia Sprite Pack #1/Enemy/idle_drone_orange.png using Guid(e0eb2fcf83877bc4397b3002bf39153c) Importer(815301076,1909f56bfc062723c751e8b465ee728b)  -> (artifact id: '9d43c81e4cb64b5adf6cc967758b1c72') in 0.043874 seconds 
========================================================================
Received Import Request.
  Time since last request: 0.000211 seconds.
  path: Assets/Galaxia Sprite Pack #1/Enemy/idle_heavy_green.png
  artifactKey: Guid(767780ce78b8bdf4ebcb0231280c9655) Importer(815301076,1909f56bfc062723c751e8b465ee728b)
Start importing Assets/Galaxia Sprite Pack #1/Enemy/idle_heavy_green.png using Guid(767780ce78b8bdf4ebcb0231280c9655) Importer(815301076,1909f56bfc062723c751e8b465ee728b)  -> (artifact id: 'cb1f1a65bb30da9f4037e8463561edfe') in 0.034965 seconds 
========================================================================
Received Import Request.
  Time since last request: 0.001353 seconds.
  path: Assets/Galaxia Sprite Pack #1/Enemy/idle_scout_yellow.png
  artifactKey: Guid(5500a4eb7184fed4eb5b5e505ffecd91) Importer(815301076,1909f56bfc062723c751e8b465ee728b)
Start importing Assets/Galaxia Sprite Pack #1/Enemy/idle_scout_yellow.png using Guid(5500a4eb7184fed4eb5b5e505ffecd91) Importer(815301076,1909f56bfc062723c751e8b465ee728b)  -> (artifact id: 'b42c771f38674893da926387003bd673') in 0.024369 seconds 
========================================================================
Received Import Request.
  Time since last request: 2.693497 seconds.
  path: Assets/Galaxia Sprite Pack #1/Effects/BulletBombSpriteSheetBlue.png
  artifactKey: Guid(fb49bbb3e2b49674f98799696c31c86c) Importer(815301076,1909f56bfc062723c751e8b465ee728b)
Start importing Assets/Galaxia Sprite Pack #1/Effects/BulletBombSpriteSheetBlue.png using Guid(fb49bbb3e2b49674f98799696c31c86c) Importer(815301076,1909f56bfc062723c751e8b465ee728b)  -> (artifact id: 'c45d543513ca3230f914a05532582c7c') in 0.032454 seconds 
========================================================================
Received Import Request.
  Time since last request: 0.000534 seconds.
  path: Assets/Galaxia Sprite Pack #1/Effects/BulletBombSpriteSheetYellow.png
  artifactKey: Guid(caa07a017431edc43866c47b6f37a5bf) Importer(815301076,1909f56bfc062723c751e8b465ee728b)
Start importing Assets/Galaxia Sprite Pack #1/Effects/BulletBombSpriteSheetYellow.png using Guid(caa07a017431edc43866c47b6f37a5bf) Importer(815301076,1909f56bfc062723c751e8b465ee728b)  -> (artifact id: '82b265b991ff132087a517b5a4ed4eca') in 0.038614 seconds 
========================================================================
Received Import Request.
  Time since last request: 0.000494 seconds.
  path: Assets/Galaxia Sprite Pack #1/Effects/BulletsSpriteSheetGreen.png
  artifactKey: Guid(34117c1e0c2d27d43973517e619028e5) Importer(815301076,1909f56bfc062723c751e8b465ee728b)
Start importing Assets/Galaxia Sprite Pack #1/Effects/BulletsSpriteSheetGreen.png using Guid(34117c1e0c2d27d43973517e619028e5) Importer(815301076,1909f56bfc062723c751e8b465ee728b)  -> (artifact id: '48a1bd28b150378a08f8c1ed7a5c5887') in 0.144725 seconds 
========================================================================
Received Import Request.
  Time since last request: 0.001128 seconds.
  path: Assets/Galaxia Sprite Pack #1/Effects/BulletsSpriteSheetPurple.png
  artifactKey: Guid(63497777be1c2a3468333a9fd29c6036) Importer(815301076,1909f56bfc062723c751e8b465ee728b)
Start importing Assets/Galaxia Sprite Pack #1/Effects/BulletsSpriteSheetPurple.png using Guid(63497777be1c2a3468333a9fd29c6036) Importer(815301076,1909f56bfc062723c751e8b465ee728b)  -> (artifact id: 'da68812c4e23e9a72766325ad8137658') in 0.048504 seconds 
========================================================================
Received Import Request.
  Time since last request: 0.000405 seconds.
  path: Assets/Galaxia Sprite Pack #1/Effects/BulletBombSpriteSheetGreen.png
  artifactKey: Guid(c4b06c20a938a6e46949e8faac79b20e) Importer(815301076,1909f56bfc062723c751e8b465ee728b)
Start importing Assets/Galaxia Sprite Pack #1/Effects/BulletBombSpriteSheetGreen.png using Guid(c4b06c20a938a6e46949e8faac79b20e) Importer(815301076,1909f56bfc062723c751e8b465ee728b)  -> (artifact id: 'cb583c45039b7c2232479d95c4a06219') in 0.035848 seconds 
========================================================================
Received Import Request.
  Time since last request: 0.000399 seconds.
  path: Assets/Galaxia Sprite Pack #1/Effects/BulletsSpriteSheetRed.png
  artifactKey: Guid(d3abe5c405d8ae041a1c151d9ba3c2c3) Importer(815301076,1909f56bfc062723c751e8b465ee728b)
Start importing Assets/Galaxia Sprite Pack #1/Effects/BulletsSpriteSheetRed.png using Guid(d3abe5c405d8ae041a1c151d9ba3c2c3) Importer(815301076,1909f56bfc062723c751e8b465ee728b)  -> (artifact id: '5cfc91a830a54ac473e2a48cc1787809') in 0.038379 seconds 
========================================================================
Received Import Request.
  Time since last request: 0.000424 seconds.
  path: Assets/Galaxia Sprite Pack #1/Effects/BulletBombSpriteSheetRed.png
  artifactKey: Guid(4b3cde31bdef54c458f0b04071d88cc5) Importer(815301076,1909f56bfc062723c751e8b465ee728b)
Start importing Assets/Galaxia Sprite Pack #1/Effects/BulletBombSpriteSheetRed.png using Guid(4b3cde31bdef54c458f0b04071d88cc5) Importer(815301076,1909f56bfc062723c751e8b465ee728b)  -> (artifact id: '59e50ca4c60c2787127e6b6db8880b4b') in 0.050432 seconds 
========================================================================
Received Import Request.
  Time since last request: 0.000518 seconds.
  path: Assets/Galaxia Sprite Pack #1/Effects/LaserSpriteSheetBlue.png
  artifactKey: Guid(d985ee05041c4304f83ce9b1e1c6f885) Importer(815301076,1909f56bfc062723c751e8b465ee728b)
Start importing Assets/Galaxia Sprite Pack #1/Effects/LaserSpriteSheetBlue.png using Guid(d985ee05041c4304f83ce9b1e1c6f885) Importer(815301076,1909f56bfc062723c751e8b465ee728b)  -> (artifact id: '7b6cd99c2525d55210705cdc1bf26cc0') in 0.042291 seconds 
========================================================================
Received Import Request.
  Time since last request: 0.000505 seconds.
  path: Assets/Galaxia Sprite Pack #1/Effects/BulletsSpriteSheetYellow.png
  artifactKey: Guid(c05e8171e1e97804ea3c456f394ba25a) Importer(815301076,1909f56bfc062723c751e8b465ee728b)
Start importing Assets/Galaxia Sprite Pack #1/Effects/BulletsSpriteSheetYellow.png using Guid(c05e8171e1e97804ea3c456f394ba25a) Importer(815301076,1909f56bfc062723c751e8b465ee728b)  -> (artifact id: '61baed9c9a3a438735c2bd03c06d5a75') in 0.038313 seconds 
========================================================================
Received Import Request.
  Time since last request: 0.000661 seconds.
  path: Assets/Galaxia Sprite Pack #1/Effects/BulletsSpriteSheetBlue.png
  artifactKey: Guid(a9450bfa7931d2a4399a9c70edcaa576) Importer(815301076,1909f56bfc062723c751e8b465ee728b)
Start importing Assets/Galaxia Sprite Pack #1/Effects/BulletsSpriteSheetBlue.png using Guid(a9450bfa7931d2a4399a9c70edcaa576) Importer(815301076,1909f56bfc062723c751e8b465ee728b)  -> (artifact id: 'b1d63d83ad054e3b18790d40bbe43bf1') in 0.042728 seconds 
========================================================================
Received Import Request.
  Time since last request: 0.001356 seconds.
  path: Assets/Galaxia Sprite Pack #1/Effects/LaserSpriteSheetGreen.png
  artifactKey: Guid(3adc669597747574c931c03238b55b64) Importer(815301076,1909f56bfc062723c751e8b465ee728b)
Start importing Assets/Galaxia Sprite Pack #1/Effects/LaserSpriteSheetGreen.png using Guid(3adc669597747574c931c03238b55b64) Importer(815301076,1909f56bfc062723c751e8b465ee728b)  -> (artifact id: '023cee46892cb93e050e9ee32878da8d') in 0.062524 seconds 
========================================================================
Received Import Request.
  Time since last request: 0.000401 seconds.
  path: Assets/Galaxia Sprite Pack #1/Effects/BulletBombSpriteSheetPurple.png
  artifactKey: Guid(593c7c564adcda74fbc675230116db6f) Importer(815301076,1909f56bfc062723c751e8b465ee728b)
Start importing Assets/Galaxia Sprite Pack #1/Effects/BulletBombSpriteSheetPurple.png using Guid(593c7c564adcda74fbc675230116db6f) Importer(815301076,1909f56bfc062723c751e8b465ee728b)  -> (artifact id: 'c976814213850acc2ae6691e4e82c6b0') in 0.039502 seconds 
========================================================================
Received Import Request.
  Time since last request: 27.772512 seconds.
  path: Assets/spaceship_sprites/prefabs/spaceship_1.prefab
  artifactKey: Guid(7a70adb45063260458b0352db99d899c) Importer(815301076,1909f56bfc062723c751e8b465ee728b)
Start importing Assets/spaceship_sprites/prefabs/spaceship_1.prefab using Guid(7a70adb45063260458b0352db99d899c) Importer(815301076,1909f56bfc062723c751e8b465ee728b)  -> (artifact id: 'fcc382e40159c8d90a5a79811c30e50c') in 0.377147 seconds 
========================================================================
Received Import Request.
  Time since last request: 0.001230 seconds.
  path: Assets/spaceship_sprites/prefabs/spaceship_5.prefab
  artifactKey: Guid(b16d6b0dc82a2f64e93b38b2e642a18d) Importer(815301076,1909f56bfc062723c751e8b465ee728b)
Start importing Assets/spaceship_sprites/prefabs/spaceship_5.prefab using Guid(b16d6b0dc82a2f64e93b38b2e642a18d) Importer(815301076,1909f56bfc062723c751e8b465ee728b)  -> (artifact id: 'e9c86b2f662d8c0eb9184e70782a2e96') in 0.043439 seconds 
========================================================================
Received Import Request.
  Time since last request: 0.000526 seconds.
  path: Assets/spaceship_sprites/prefabs/spaceship_2.prefab
  artifactKey: Guid(e2a563409f05b26429e07cb45c0d2ea2) Importer(815301076,1909f56bfc062723c751e8b465ee728b)
Start importing Assets/spaceship_sprites/prefabs/spaceship_2.prefab using Guid(e2a563409f05b26429e07cb45c0d2ea2) Importer(815301076,1909f56bfc062723c751e8b465ee728b)  -> (artifact id: '7d0519369777b379aeaf24723929ca04') in 0.034657 seconds 
========================================================================
Received Import Request.
  Time since last request: 0.000458 seconds.
  path: Assets/spaceship_sprites/prefabs/spaceship_4.prefab
  artifactKey: Guid(6ebfe353680ffd64ebfc2d27dad79525) Importer(815301076,1909f56bfc062723c751e8b465ee728b)
Start importing Assets/spaceship_sprites/prefabs/spaceship_4.prefab using Guid(6ebfe353680ffd64ebfc2d27dad79525) Importer(815301076,1909f56bfc062723c751e8b465ee728b)  -> (artifact id: '74fcd97d7810ad32b505eec0f59fdf6e') in 0.031709 seconds 
========================================================================
Received Import Request.
  Time since last request: 0.000517 seconds.
  path: Assets/spaceship_sprites/prefabs/spaceship_3.prefab
  artifactKey: Guid(e1e3a28de8604ba44a52ba4a3f16c95b) Importer(815301076,1909f56bfc062723c751e8b465ee728b)
Start importing Assets/spaceship_sprites/prefabs/spaceship_3.prefab using Guid(e1e3a28de8604ba44a52ba4a3f16c95b) Importer(815301076,1909f56bfc062723c751e8b465ee728b)  -> (artifact id: 'ae49b052ad98dd1f2c81a9dd206c3f12') in 0.039597 seconds 
========================================================================
Received Import Request.
  Time since last request: 0.000491 seconds.
  path: Assets/spaceship_sprites/prefabs/spaceship_8.prefab
  artifactKey: Guid(fbc4320931e489045b535d6135e557bc) Importer(815301076,1909f56bfc062723c751e8b465ee728b)
Start importing Assets/spaceship_sprites/prefabs/spaceship_8.prefab using Guid(fbc4320931e489045b535d6135e557bc) Importer(815301076,1909f56bfc062723c751e8b465ee728b)  -> (artifact id: '3e183ef35855f5c70089a9e75bf78969') in 0.033789 seconds 
========================================================================
Received Import Request.
  Time since last request: 0.001360 seconds.
  path: Assets/spaceship_sprites/prefabs/spaceship_7.prefab
  artifactKey: Guid(236055fb118b89949bf4698f3928dd5b) Importer(815301076,1909f56bfc062723c751e8b465ee728b)
Start importing Assets/spaceship_sprites/prefabs/spaceship_7.prefab using Guid(236055fb118b89949bf4698f3928dd5b) Importer(815301076,1909f56bfc062723c751e8b465ee728b)  -> (artifact id: '00b9b8dea5eacc228f0d375ee36edaf5') in 0.034843 seconds 
========================================================================
Received Import Request.
  Time since last request: 0.000585 seconds.
  path: Assets/spaceship_sprites/prefabs/spaceship_6.prefab
  artifactKey: Guid(d096b2e176fd8744bb6feb2dd2b160bf) Importer(815301076,1909f56bfc062723c751e8b465ee728b)
Start importing Assets/spaceship_sprites/prefabs/spaceship_6.prefab using Guid(d096b2e176fd8744bb6feb2dd2b160bf) Importer(815301076,1909f56bfc062723c751e8b465ee728b)  -> (artifact id: '91af541b3ee29e35e572aeb984660128') in 0.033135 seconds 
========================================================================
Received Prepare
Registering precompiled user dll's ...
Registered in 0.007432 seconds.
Begin MonoManager ReloadAssembly
Symbol file LoadedFromMemory doesn't match image C:\Users\Andrea\Documents\GitHub\Breakout_Andrea-Flamigni\Library\PackageCache\com.unity.collab-proxy@1.15.15\Lib\Editor\PlasticSCM\unityplastic.dll
Native extension for WindowsStandalone target not found
Refreshing native plugins compatible for Editor in 0.57 ms, found 3 plugins.
Preloading 0 native plugins for Editor in 0.00 ms.
Mono: successfully reloaded assembly
- Completed reload, in  1.772 seconds
Domain Reload Profiling:
	ReloadAssembly (1773ms)
		BeginReloadAssembly (266ms)
			ExecutionOrderSort (0ms)
			DisableScriptedObjects (9ms)
			BackupInstance (0ms)
			ReleaseScriptingObjects (0ms)
			CreateAndSetChildDomain (53ms)
		EndReloadAssembly (1409ms)
			LoadAssemblies (239ms)
			RebuildTransferFunctionScriptingTraits (0ms)
			SetupTypeCache (521ms)
			ReleaseScriptCaches (1ms)
			RebuildScriptCaches (91ms)
			SetupLoadedEditorAssemblies (458ms)
				LogAssemblyErrors (0ms)
				InitializePlatformSupportModulesInManaged (6ms)
				SetLoadedEditorAssemblies (1ms)
				RefreshPlugins (1ms)
				BeforeProcessingInitializeOnLoad (116ms)
				ProcessInitializeOnLoadAttributes (297ms)
				ProcessInitializeOnLoadMethodAttributes (17ms)
				AfterProcessingInitializeOnLoad (20ms)
				EditorAssembliesLoaded (0ms)
			ExecutionOrderSort2 (0ms)
			AwakeInstancesAfterBackupRestoration (16ms)
Platform modules already initialized, skipping
Refreshing native plugins compatible for Editor in 0.94 ms, found 3 plugins.
Preloading 0 native plugins for Editor in 0.00 ms.
Unloading 2203 Unused Serialized files (Serialized files now loaded: 0)
System memory in use before: 100.1 MB.
System memory in use after: 100.2 MB.

Unloading 14 unused Assets to reduce memory usage. Loaded Objects now: 2695.
Total: 8.734500 ms (FindLiveObjects: 0.956200 ms CreateObjectMapping: 0.544200 ms MarkObjects: 7.195200 ms  DeleteObjects: 0.037300 ms)

AssetImportParameters requested are different than current active one (requested -> active):
  custom:framework-win-MediaFoundation: 216162199b28c13a410421893ffa2e32 -> 
  custom:video-decoder-ogg-theora: a1e56fd34408186e4bbccfd4996cb3dc -> 
  custom:container-muxer-webm: aa71ff27fc2769a1b78a27578f13a17b -> 
  custom:container-demuxer-webm: 4f35f7cbe854078d1ac9338744f61a02 -> 
  custom:container-demuxer-ogg: 62fdf1f143b41e24485cea50d1cbac27 -> 
  custom:video-encoder-webm-vp8: eb34c28f22e8b96e1ab97ce403110664 -> 
  custom:video-codec-MediaFoundation-h265: 746d11721c4dcdbdad8f713fa42b33f4 -> 
  custom:video-decoder-webm-vp8: 9c59270c3fd7afecdb556c50c9e8de78 -> 
  custom:audio-decoder-ogg-vorbis: bf7c407c2cedff20999df2af8eb42d56 -> 
  custom:audio-encoder-webm-vorbis: bf7c407c2cedff20999df2af8eb42d56 -> 
========================================================================
Received Prepare
Registering precompiled user dll's ...
Registered in 0.014042 seconds.
Begin MonoManager ReloadAssembly
Symbol file LoadedFromMemory doesn't match image C:\Users\Andrea\Documents\GitHub\Breakout_Andrea-Flamigni\Library\PackageCache\com.unity.collab-proxy@1.15.15\Lib\Editor\PlasticSCM\unityplastic.dll
Native extension for WindowsStandalone target not found
Refreshing native plugins compatible for Editor in 0.60 ms, found 3 plugins.
Preloading 0 native plugins for Editor in 0.00 ms.
Mono: successfully reloaded assembly
- Completed reload, in  1.585 seconds
Domain Reload Profiling:
	ReloadAssembly (1586ms)
		BeginReloadAssembly (208ms)
			ExecutionOrderSort (0ms)
			DisableScriptedObjects (14ms)
			BackupInstance (0ms)
			ReleaseScriptingObjects (0ms)
			CreateAndSetChildDomain (47ms)
		EndReloadAssembly (1276ms)
			LoadAssemblies (195ms)
			RebuildTransferFunctionScriptingTraits (0ms)
			SetupTypeCache (422ms)
			ReleaseScriptCaches (1ms)
			RebuildScriptCaches (59ms)
			SetupLoadedEditorAssemblies (469ms)
				LogAssemblyErrors (0ms)
				InitializePlatformSupportModulesInManaged (6ms)
				SetLoadedEditorAssemblies (1ms)
				RefreshPlugins (1ms)
				BeforeProcessingInitializeOnLoad (113ms)
				ProcessInitializeOnLoadAttributes (314ms)
				ProcessInitializeOnLoadMethodAttributes (16ms)
				AfterProcessingInitializeOnLoad (19ms)
				EditorAssembliesLoaded (0ms)
			ExecutionOrderSort2 (0ms)
			AwakeInstancesAfterBackupRestoration (12ms)
Platform modules already initialized, skipping
Refreshing native plugins compatible for Editor in 0.60 ms, found 3 plugins.
Preloading 0 native plugins for Editor in 0.00 ms.
Unloading 2203 Unused Serialized files (Serialized files now loaded: 0)
System memory in use before: 100.1 MB.
System memory in use after: 100.2 MB.

Unloading 14 unused Assets to reduce memory usage. Loaded Objects now: 2698.
Total: 4.140700 ms (FindLiveObjects: 0.215300 ms CreateObjectMapping: 0.092700 ms MarkObjects: 3.797000 ms  DeleteObjects: 0.034300 ms)

AssetImportParameters requested are different than current active one (requested -> active):
  custom:framework-win-MediaFoundation: 216162199b28c13a410421893ffa2e32 -> 
  custom:video-decoder-ogg-theora: a1e56fd34408186e4bbccfd4996cb3dc -> 
  custom:container-muxer-webm: aa71ff27fc2769a1b78a27578f13a17b -> 
  custom:container-demuxer-webm: 4f35f7cbe854078d1ac9338744f61a02 -> 
  custom:container-demuxer-ogg: 62fdf1f143b41e24485cea50d1cbac27 -> 
  custom:video-encoder-webm-vp8: eb34c28f22e8b96e1ab97ce403110664 -> 
  custom:video-codec-MediaFoundation-h265: 746d11721c4dcdbdad8f713fa42b33f4 -> 
  custom:video-decoder-webm-vp8: 9c59270c3fd7afecdb556c50c9e8de78 -> 
  custom:audio-decoder-ogg-vorbis: bf7c407c2cedff20999df2af8eb42d56 -> 
  custom:audio-encoder-webm-vorbis: bf7c407c2cedff20999df2af8eb42d56 -> 
========================================================================
Received Import Request.
  Time since last request: 572.932041 seconds.
  path: Assets/Prefab/Block.prefab
  artifactKey: Guid(88f30e36c85e67748bf53af4baf27a7d) Importer(815301076,1909f56bfc062723c751e8b465ee728b)
Start importing Assets/Prefab/Block.prefab using Guid(88f30e36c85e67748bf53af4baf27a7d) Importer(815301076,1909f56bfc062723c751e8b465ee728b)  -> (artifact id: '4d553f6a350d11bd863f82fe17abefd4') in 0.124586 seconds 
========================================================================
Received Import Request.
  Time since last request: 8.851657 seconds.
  path: Assets/Prefab/Block.prefab
  artifactKey: Guid(88f30e36c85e67748bf53af4baf27a7d) Importer(815301076,1909f56bfc062723c751e8b465ee728b)
Start importing Assets/Prefab/Block.prefab using Guid(88f30e36c85e67748bf53af4baf27a7d) Importer(815301076,1909f56bfc062723c751e8b465ee728b)  -> (artifact id: 'ac4e6f8455cb0f31793b7210b58e2aca') in 0.025419 seconds 
========================================================================
Received Prepare
Registering precompiled user dll's ...
Registered in 0.010018 seconds.
Begin MonoManager ReloadAssembly
Symbol file LoadedFromMemory doesn't match image C:\Users\Andrea\Documents\GitHub\Breakout_Andrea-Flamigni\Library\PackageCache\com.unity.collab-proxy@1.15.15\Lib\Editor\PlasticSCM\unityplastic.dll
Native extension for WindowsStandalone target not found
Refreshing native plugins compatible for Editor in 3.97 ms, found 3 plugins.
Preloading 0 native plugins for Editor in 0.00 ms.
Mono: successfully reloaded assembly
- Completed reload, in  3.458 seconds
Domain Reload Profiling:
	ReloadAssembly (3459ms)
		BeginReloadAssembly (397ms)
			ExecutionOrderSort (0ms)
			DisableScriptedObjects (18ms)
			BackupInstance (0ms)
			ReleaseScriptingObjects (0ms)
			CreateAndSetChildDomain (104ms)
		EndReloadAssembly (2860ms)
			LoadAssemblies (391ms)
			RebuildTransferFunctionScriptingTraits (0ms)
			SetupTypeCache (977ms)
			ReleaseScriptCaches (2ms)
			RebuildScriptCaches (167ms)
			SetupLoadedEditorAssemblies (975ms)
				LogAssemblyErrors (0ms)
				InitializePlatformSupportModulesInManaged (18ms)
				SetLoadedEditorAssemblies (1ms)
				RefreshPlugins (4ms)
				BeforeProcessingInitializeOnLoad (252ms)
				ProcessInitializeOnLoadAttributes (626ms)
				ProcessInitializeOnLoadMethodAttributes (39ms)
				AfterProcessingInitializeOnLoad (34ms)
				EditorAssembliesLoaded (1ms)
			ExecutionOrderSort2 (0ms)
			AwakeInstancesAfterBackupRestoration (27ms)
Platform modules already initialized, skipping
Refreshing native plugins compatible for Editor in 1.26 ms, found 3 plugins.
Preloading 0 native plugins for Editor in 0.00 ms.
Unloading 2203 Unused Serialized files (Serialized files now loaded: 0)
System memory in use before: 100.2 MB.
System memory in use after: 100.3 MB.

Unloading 14 unused Assets to reduce memory usage. Loaded Objects now: 2702.
Total: 6.515700 ms (FindLiveObjects: 0.842600 ms CreateObjectMapping: 0.437800 ms MarkObjects: 5.078200 ms  DeleteObjects: 0.152000 ms)

AssetImportParameters requested are different than current active one (requested -> active):
  custom:framework-win-MediaFoundation: 216162199b28c13a410421893ffa2e32 -> 
  custom:video-decoder-ogg-theora: a1e56fd34408186e4bbccfd4996cb3dc -> 
  custom:container-muxer-webm: aa71ff27fc2769a1b78a27578f13a17b -> 
  custom:container-demuxer-webm: 4f35f7cbe854078d1ac9338744f61a02 -> 
  custom:container-demuxer-ogg: 62fdf1f143b41e24485cea50d1cbac27 -> 
  custom:video-encoder-webm-vp8: eb34c28f22e8b96e1ab97ce403110664 -> 
  custom:video-codec-MediaFoundation-h265: 746d11721c4dcdbdad8f713fa42b33f4 -> 
  custom:video-decoder-webm-vp8: 9c59270c3fd7afecdb556c50c9e8de78 -> 
  custom:audio-decoder-ogg-vorbis: bf7c407c2cedff20999df2af8eb42d56 -> 
  custom:audio-encoder-webm-vorbis: bf7c407c2cedff20999df2af8eb42d56 -> 
========================================================================
Received Import Request.
  Time since last request: 154.073817 seconds.
  path: Assets/Prefab/Block.prefab
  artifactKey: Guid(88f30e36c85e67748bf53af4baf27a7d) Importer(815301076,1909f56bfc062723c751e8b465ee728b)
Start importing Assets/Prefab/Block.prefab using Guid(88f30e36c85e67748bf53af4baf27a7d) Importer(815301076,1909f56bfc062723c751e8b465ee728b)  -> (artifact id: '88b19fbfb64c2b4a81f20114ccacb96a') in 0.094242 seconds 
========================================================================
Received Import Request.
  Time since last request: 326.162087 seconds.
  path: Assets/spaceship_sprites/texture/spaceships.psd
  artifactKey: Guid(8d18f6d2b73e89b4882fbf3bb5aedb4b) Importer(815301076,1909f56bfc062723c751e8b465ee728b)
Start importing Assets/spaceship_sprites/texture/spaceships.psd using Guid(8d18f6d2b73e89b4882fbf3bb5aedb4b) Importer(815301076,1909f56bfc062723c751e8b465ee728b)  -> (artifact id: 'e53e87ce48c393e113be84ecbb05702e') in 0.303683 seconds 
========================================================================
Received Import Request.
  Time since last request: 148.025154 seconds.
  path: Assets/Prefab/Bullet.prefab
  artifactKey: Guid(5df7d4ef346de0d40b972254b57ef4d9) Importer(815301076,1909f56bfc062723c751e8b465ee728b)
Start importing Assets/Prefab/Bullet.prefab using Guid(5df7d4ef346de0d40b972254b57ef4d9) Importer(815301076,1909f56bfc062723c751e8b465ee728b)  -> (artifact id: 'dc1bbfa3eaaa8116accec20aa495a927') in 0.027286 seconds 
========================================================================
Received Import Request.
  Time since last request: 10.717254 seconds.
  path: Assets/Prefab/Bullet.prefab
  artifactKey: Guid(5df7d4ef346de0d40b972254b57ef4d9) Importer(815301076,1909f56bfc062723c751e8b465ee728b)
Start importing Assets/Prefab/Bullet.prefab using Guid(5df7d4ef346de0d40b972254b57ef4d9) Importer(815301076,1909f56bfc062723c751e8b465ee728b)  -> (artifact id: '96df67dc7dda9146252dd45504329f82') in 0.020912 seconds 
========================================================================
Received Import Request.
  Time since last request: 3.484910 seconds.
  path: Assets/Prefab/Bullet.prefab
  artifactKey: Guid(5df7d4ef346de0d40b972254b57ef4d9) Importer(815301076,1909f56bfc062723c751e8b465ee728b)
Start importing Assets/Prefab/Bullet.prefab using Guid(5df7d4ef346de0d40b972254b57ef4d9) Importer(815301076,1909f56bfc062723c751e8b465ee728b)  -> (artifact id: 'ac49fac9bec7943ae3de0e783f02320e') in 0.023621 seconds 
========================================================================
Received Prepare
Registering precompiled user dll's ...
Registered in 0.014255 seconds.
Begin MonoManager ReloadAssembly
Symbol file LoadedFromMemory doesn't match image C:\Users\Andrea\Documents\GitHub\Breakout_Andrea-Flamigni\Library\PackageCache\com.unity.collab-proxy@1.15.15\Lib\Editor\PlasticSCM\unityplastic.dll
Native extension for WindowsStandalone target not found
Refreshing native plugins compatible for Editor in 1.37 ms, found 3 plugins.
Preloading 0 native plugins for Editor in 0.00 ms.
Mono: successfully reloaded assembly
- Completed reload, in  1.991 seconds
Domain Reload Profiling:
	ReloadAssembly (1992ms)
		BeginReloadAssembly (204ms)
			ExecutionOrderSort (0ms)
			DisableScriptedObjects (8ms)
			BackupInstance (0ms)
			ReleaseScriptingObjects (0ms)
			CreateAndSetChildDomain (50ms)
		EndReloadAssembly (1688ms)
			LoadAssemblies (195ms)
			RebuildTransferFunctionScriptingTraits (0ms)
			SetupTypeCache (561ms)
			ReleaseScriptCaches (2ms)
			RebuildScriptCaches (67ms)
			SetupLoadedEditorAssemblies (694ms)
				LogAssemblyErrors (0ms)
				InitializePlatformSupportModulesInManaged (10ms)
				SetLoadedEditorAssemblies (2ms)
				RefreshPlugins (2ms)
				BeforeProcessingInitializeOnLoad (194ms)
				ProcessInitializeOnLoadAttributes (438ms)
				ProcessInitializeOnLoadMethodAttributes (26ms)
				AfterProcessingInitializeOnLoad (22ms)
				EditorAssembliesLoaded (0ms)
			ExecutionOrderSort2 (0ms)
			AwakeInstancesAfterBackupRestoration (16ms)
Platform modules already initialized, skipping
Refreshing native plugins compatible for Editor in 0.72 ms, found 3 plugins.
Preloading 0 native plugins for Editor in 0.00 ms.
Unloading 2203 Unused Serialized files (Serialized files now loaded: 0)
System memory in use before: 100.3 MB.
System memory in use after: 100.4 MB.

Unloading 14 unused Assets to reduce memory usage. Loaded Objects now: 2708.
Total: 3.846700 ms (FindLiveObjects: 0.198700 ms CreateObjectMapping: 0.091000 ms MarkObjects: 3.524300 ms  DeleteObjects: 0.031700 ms)

AssetImportParameters requested are different than current active one (requested -> active):
  custom:framework-win-MediaFoundation: 216162199b28c13a410421893ffa2e32 -> 
  custom:video-decoder-ogg-theora: a1e56fd34408186e4bbccfd4996cb3dc -> 
  custom:container-muxer-webm: aa71ff27fc2769a1b78a27578f13a17b -> 
  custom:container-demuxer-webm: 4f35f7cbe854078d1ac9338744f61a02 -> 
  custom:container-demuxer-ogg: 62fdf1f143b41e24485cea50d1cbac27 -> 
  custom:video-encoder-webm-vp8: eb34c28f22e8b96e1ab97ce403110664 -> 
  custom:video-codec-MediaFoundation-h265: 746d11721c4dcdbdad8f713fa42b33f4 -> 
  custom:video-decoder-webm-vp8: 9c59270c3fd7afecdb556c50c9e8de78 -> 
  custom:audio-decoder-ogg-vorbis: bf7c407c2cedff20999df2af8eb42d56 -> 
  custom:audio-encoder-webm-vorbis: bf7c407c2cedff20999df2af8eb42d56 -> 
========================================================================
Received Import Request.
  Time since last request: 213.172319 seconds.
  path: Assets/spaceship_sprites/texture/spaceships.psd
  artifactKey: Guid(8d18f6d2b73e89b4882fbf3bb5aedb4b) Importer(815301076,1909f56bfc062723c751e8b465ee728b)
Start importing Assets/spaceship_sprites/texture/spaceships.psd using Guid(8d18f6d2b73e89b4882fbf3bb5aedb4b) Importer(815301076,1909f56bfc062723c751e8b465ee728b)  -> (artifact id: 'b88a16895708fb4ff056e0dcec11e291') in 0.361911 seconds 
========================================================================
Received Import Request.
  Time since last request: 158.611480 seconds.
  path: Assets/spaceship_sprites/texture/spaceships.psd
  artifactKey: Guid(8d18f6d2b73e89b4882fbf3bb5aedb4b) Importer(815301076,1909f56bfc062723c751e8b465ee728b)
Start importing Assets/spaceship_sprites/texture/spaceships.psd using Guid(8d18f6d2b73e89b4882fbf3bb5aedb4b) Importer(815301076,1909f56bfc062723c751e8b465ee728b)  -> (artifact id: '8174a01d5f642dfbc8b871265689b358') in 0.263618 seconds 
========================================================================
Received Prepare
Registering precompiled user dll's ...
Registered in 0.008376 seconds.
Begin MonoManager ReloadAssembly
Symbol file LoadedFromMemory doesn't match image C:\Users\Andrea\Documents\GitHub\Breakout_Andrea-Flamigni\Library\PackageCache\com.unity.collab-proxy@1.15.15\Lib\Editor\PlasticSCM\unityplastic.dll
Native extension for WindowsStandalone target not found
Refreshing native plugins compatible for Editor in 0.55 ms, found 3 plugins.
Preloading 0 native plugins for Editor in 0.00 ms.
Mono: successfully reloaded assembly
- Completed reload, in  1.977 seconds
Domain Reload Profiling:
	ReloadAssembly (1977ms)
		BeginReloadAssembly (209ms)
			ExecutionOrderSort (0ms)
			DisableScriptedObjects (8ms)
			BackupInstance (0ms)
			ReleaseScriptingObjects (0ms)
			CreateAndSetChildDomain (43ms)
		EndReloadAssembly (1654ms)
			LoadAssemblies (220ms)
			RebuildTransferFunctionScriptingTraits (0ms)
			SetupTypeCache (435ms)
			ReleaseScriptCaches (1ms)
			RebuildScriptCaches (58ms)
			SetupLoadedEditorAssemblies (856ms)
				LogAssemblyErrors (0ms)
				InitializePlatformSupportModulesInManaged (6ms)
				SetLoadedEditorAssemblies (1ms)
				RefreshPlugins (1ms)
				BeforeProcessingInitializeOnLoad (104ms)
				ProcessInitializeOnLoadAttributes (663ms)
				ProcessInitializeOnLoadMethodAttributes (44ms)
				AfterProcessingInitializeOnLoad (37ms)
				EditorAssembliesLoaded (0ms)
			ExecutionOrderSort2 (0ms)
			AwakeInstancesAfterBackupRestoration (13ms)
Platform modules already initialized, skipping
Refreshing native plugins compatible for Editor in 0.62 ms, found 3 plugins.
Preloading 0 native plugins for Editor in 0.00 ms.
Unloading 2203 Unused Serialized files (Serialized files now loaded: 0)
System memory in use before: 100.4 MB.
System memory in use after: 100.5 MB.

Unloading 14 unused Assets to reduce memory usage. Loaded Objects now: 2716.
Total: 4.236100 ms (FindLiveObjects: 0.217300 ms CreateObjectMapping: 0.088700 ms MarkObjects: 3.892100 ms  DeleteObjects: 0.036700 ms)

AssetImportParameters requested are different than current active one (requested -> active):
  custom:framework-win-MediaFoundation: 216162199b28c13a410421893ffa2e32 -> 
  custom:video-decoder-ogg-theora: a1e56fd34408186e4bbccfd4996cb3dc -> 
  custom:container-muxer-webm: aa71ff27fc2769a1b78a27578f13a17b -> 
  custom:container-demuxer-webm: 4f35f7cbe854078d1ac9338744f61a02 -> 
  custom:container-demuxer-ogg: 62fdf1f143b41e24485cea50d1cbac27 -> 
  custom:video-encoder-webm-vp8: eb34c28f22e8b96e1ab97ce403110664 -> 
  custom:video-codec-MediaFoundation-h265: 746d11721c4dcdbdad8f713fa42b33f4 -> 
  custom:video-decoder-webm-vp8: 9c59270c3fd7afecdb556c50c9e8de78 -> 
  custom:audio-decoder-ogg-vorbis: bf7c407c2cedff20999df2af8eb42d56 -> 
  custom:audio-encoder-webm-vorbis: bf7c407c2cedff20999df2af8eb42d56 -> 
========================================================================
Received Import Request.
  Time since last request: 414.056426 seconds.
  path: Assets/istockphoto-472809828-170667a.jpg
  artifactKey: Guid(d9483939a63869040b93a9b5f69f6314) Importer(815301076,1909f56bfc062723c751e8b465ee728b)
Start importing Assets/istockphoto-472809828-170667a.jpg using Guid(d9483939a63869040b93a9b5f69f6314) Importer(815301076,1909f56bfc062723c751e8b465ee728b)  -> (artifact id: '305ec6a2e7d7c31012d8bed5b36e15ed') in 0.098472 seconds 
========================================================================
Received Import Request.
  Time since last request: 11.018668 seconds.
  path: Assets/Space field.jpg
  artifactKey: Guid(d9483939a63869040b93a9b5f69f6314) Importer(815301076,1909f56bfc062723c751e8b465ee728b)
Start importing Assets/Space field.jpg using Guid(d9483939a63869040b93a9b5f69f6314) Importer(815301076,1909f56bfc062723c751e8b465ee728b)  -> (artifact id: '2bd91f1f4705d65c90e870f902352880') in 0.035567 seconds 
========================================================================
Received Prepare
Registering precompiled user dll's ...
Registered in 0.011165 seconds.
Begin MonoManager ReloadAssembly
Symbol file LoadedFromMemory doesn't match image C:\Users\Andrea\Documents\GitHub\Breakout_Andrea-Flamigni\Library\PackageCache\com.unity.collab-proxy@1.15.15\Lib\Editor\PlasticSCM\unityplastic.dll
Native extension for WindowsStandalone target not found
Refreshing native plugins compatible for Editor in 0.54 ms, found 3 plugins.
Preloading 0 native plugins for Editor in 0.00 ms.
Mono: successfully reloaded assembly
- Completed reload, in  1.480 seconds
Domain Reload Profiling:
	ReloadAssembly (1481ms)
		BeginReloadAssembly (189ms)
			ExecutionOrderSort (0ms)
			DisableScriptedObjects (9ms)
			BackupInstance (0ms)
			ReleaseScriptingObjects (0ms)
			CreateAndSetChildDomain (42ms)
		EndReloadAssembly (1189ms)
			LoadAssemblies (196ms)
			RebuildTransferFunctionScriptingTraits (0ms)
			SetupTypeCache (415ms)
			ReleaseScriptCaches (1ms)
			RebuildScriptCaches (57ms)
			SetupLoadedEditorAssemblies (415ms)
				LogAssemblyErrors (0ms)
				InitializePlatformSupportModulesInManaged (6ms)
				SetLoadedEditorAssemblies (1ms)
				RefreshPlugins (1ms)
				BeforeProcessingInitializeOnLoad (104ms)
				ProcessInitializeOnLoadAttributes (269ms)
				ProcessInitializeOnLoadMethodAttributes (16ms)
				AfterProcessingInitializeOnLoad (19ms)
				EditorAssembliesLoaded (0ms)
			ExecutionOrderSort2 (0ms)
			AwakeInstancesAfterBackupRestoration (11ms)
Platform modules already initialized, skipping
Refreshing native plugins compatible for Editor in 0.57 ms, found 3 plugins.
Preloading 0 native plugins for Editor in 0.00 ms.
Unloading 2203 Unused Serialized files (Serialized files now loaded: 0)
System memory in use before: 100.4 MB.
System memory in use after: 100.6 MB.

Unloading 14 unused Assets to reduce memory usage. Loaded Objects now: 2722.
Total: 4.808000 ms (FindLiveObjects: 0.226600 ms CreateObjectMapping: 0.101900 ms MarkObjects: 4.434300 ms  DeleteObjects: 0.043700 ms)

AssetImportParameters requested are different than current active one (requested -> active):
  custom:framework-win-MediaFoundation: 216162199b28c13a410421893ffa2e32 -> 
  custom:video-decoder-ogg-theora: a1e56fd34408186e4bbccfd4996cb3dc -> 
  custom:container-muxer-webm: aa71ff27fc2769a1b78a27578f13a17b -> 
  custom:container-demuxer-webm: 4f35f7cbe854078d1ac9338744f61a02 -> 
  custom:container-demuxer-ogg: 62fdf1f143b41e24485cea50d1cbac27 -> 
  custom:video-encoder-webm-vp8: eb34c28f22e8b96e1ab97ce403110664 -> 
  custom:video-codec-MediaFoundation-h265: 746d11721c4dcdbdad8f713fa42b33f4 -> 
  custom:video-decoder-webm-vp8: 9c59270c3fd7afecdb556c50c9e8de78 -> 
  custom:audio-decoder-ogg-vorbis: bf7c407c2cedff20999df2af8eb42d56 -> 
  custom:audio-encoder-webm-vorbis: bf7c407c2cedff20999df2af8eb42d56 -> 
========================================================================
Received Prepare
Registering precompiled user dll's ...
Registered in 0.008963 seconds.
Begin MonoManager ReloadAssembly
Symbol file LoadedFromMemory doesn't match image C:\Users\Andrea\Documents\GitHub\Breakout_Andrea-Flamigni\Library\PackageCache\com.unity.collab-proxy@1.15.15\Lib\Editor\PlasticSCM\unityplastic.dll
Native extension for WindowsStandalone target not found
Refreshing native plugins compatible for Editor in 0.52 ms, found 3 plugins.
Preloading 0 native plugins for Editor in 0.00 ms.
Mono: successfully reloaded assembly
- Completed reload, in  1.486 seconds
Domain Reload Profiling:
	ReloadAssembly (1487ms)
		BeginReloadAssembly (192ms)
			ExecutionOrderSort (0ms)
			DisableScriptedObjects (9ms)
			BackupInstance (0ms)
			ReleaseScriptingObjects (0ms)
			CreateAndSetChildDomain (41ms)
		EndReloadAssembly (1193ms)
			LoadAssemblies (198ms)
			RebuildTransferFunctionScriptingTraits (0ms)
			SetupTypeCache (405ms)
			ReleaseScriptCaches (1ms)
			RebuildScriptCaches (59ms)
			SetupLoadedEditorAssemblies (422ms)
				LogAssemblyErrors (0ms)
				InitializePlatformSupportModulesInManaged (6ms)
				SetLoadedEditorAssemblies (1ms)
				RefreshPlugins (1ms)
				BeforeProcessingInitializeOnLoad (104ms)
				ProcessInitializeOnLoadAttributes (275ms)
				ProcessInitializeOnLoadMethodAttributes (16ms)
				AfterProcessingInitializeOnLoad (19ms)
				EditorAssembliesLoaded (0ms)
			ExecutionOrderSort2 (0ms)
			AwakeInstancesAfterBackupRestoration (12ms)
Platform modules already initialized, skipping
Refreshing native plugins compatible for Editor in 0.61 ms, found 3 plugins.
Preloading 0 native plugins for Editor in 0.00 ms.
Unloading 2203 Unused Serialized files (Serialized files now loaded: 0)
System memory in use before: 100.4 MB.
System memory in use after: 100.7 MB.

Unloading 14 unused Assets to reduce memory usage. Loaded Objects now: 2725.
Total: 3.944300 ms (FindLiveObjects: 0.254100 ms CreateObjectMapping: 0.347700 ms MarkObjects: 3.306500 ms  DeleteObjects: 0.034700 ms)

AssetImportParameters requested are different than current active one (requested -> active):
  custom:framework-win-MediaFoundation: 216162199b28c13a410421893ffa2e32 -> 
  custom:video-decoder-ogg-theora: a1e56fd34408186e4bbccfd4996cb3dc -> 
  custom:container-muxer-webm: aa71ff27fc2769a1b78a27578f13a17b -> 
  custom:container-demuxer-webm: 4f35f7cbe854078d1ac9338744f61a02 -> 
  custom:container-demuxer-ogg: 62fdf1f143b41e24485cea50d1cbac27 -> 
  custom:video-encoder-webm-vp8: eb34c28f22e8b96e1ab97ce403110664 -> 
  custom:video-codec-MediaFoundation-h265: 746d11721c4dcdbdad8f713fa42b33f4 -> 
  custom:video-decoder-webm-vp8: 9c59270c3fd7afecdb556c50c9e8de78 -> 
  custom:audio-decoder-ogg-vorbis: bf7c407c2cedff20999df2af8eb42d56 -> 
  custom:audio-encoder-webm-vorbis: bf7c407c2cedff20999df2af8eb42d56 -> 
========================================================================
Received Prepare
Registering precompiled user dll's ...
Registered in 0.008030 seconds.
Begin MonoManager ReloadAssembly
Symbol file LoadedFromMemory doesn't match image C:\Users\Andrea\Documents\GitHub\Breakout_Andrea-Flamigni\Library\PackageCache\com.unity.collab-proxy@1.15.15\Lib\Editor\PlasticSCM\unityplastic.dll
Native extension for WindowsStandalone target not found
Refreshing native plugins compatible for Editor in 0.63 ms, found 3 plugins.
Preloading 0 native plugins for Editor in 0.00 ms.
Mono: successfully reloaded assembly
- Completed reload, in 10.719 seconds
Domain Reload Profiling:
	ReloadAssembly (10720ms)
		BeginReloadAssembly (3599ms)
			ExecutionOrderSort (0ms)
			DisableScriptedObjects (9ms)
			BackupInstance (0ms)
			ReleaseScriptingObjects (0ms)
			CreateAndSetChildDomain (47ms)
		EndReloadAssembly (6841ms)
			LoadAssemblies (7600ms)
			RebuildTransferFunctionScriptingTraits (0ms)
			SetupTypeCache (1072ms)
			ReleaseScriptCaches (2ms)
			RebuildScriptCaches (76ms)
			SetupLoadedEditorAssemblies (1234ms)
				LogAssemblyErrors (0ms)
				InitializePlatformSupportModulesInManaged (6ms)
				SetLoadedEditorAssemblies (1ms)
				RefreshPlugins (1ms)
				BeforeProcessingInitializeOnLoad (106ms)
				ProcessInitializeOnLoadAttributes (683ms)
				ProcessInitializeOnLoadMethodAttributes (357ms)
				AfterProcessingInitializeOnLoad (79ms)
				EditorAssembliesLoaded (0ms)
			ExecutionOrderSort2 (0ms)
			AwakeInstancesAfterBackupRestoration (32ms)
Platform modules already initialized, skipping
Refreshing native plugins compatible for Editor in 2.52 ms, found 3 plugins.
Preloading 0 native plugins for Editor in 0.00 ms.
Unloading 2203 Unused Serialized files (Serialized files now loaded: 0)
System memory in use before: 100.4 MB.
System memory in use after: 100.7 MB.

Unloading 14 unused Assets to reduce memory usage. Loaded Objects now: 2728.
Total: 6.119500 ms (FindLiveObjects: 0.334800 ms CreateObjectMapping: 0.154900 ms MarkObjects: 5.589000 ms  DeleteObjects: 0.039200 ms)

AssetImportParameters requested are different than current active one (requested -> active):
  custom:framework-win-MediaFoundation: 216162199b28c13a410421893ffa2e32 -> 
  custom:video-decoder-ogg-theora: a1e56fd34408186e4bbccfd4996cb3dc -> 
  custom:container-muxer-webm: aa71ff27fc2769a1b78a27578f13a17b -> 
  custom:container-demuxer-webm: 4f35f7cbe854078d1ac9338744f61a02 -> 
  custom:container-demuxer-ogg: 62fdf1f143b41e24485cea50d1cbac27 -> 
  custom:video-encoder-webm-vp8: eb34c28f22e8b96e1ab97ce403110664 -> 
  custom:video-codec-MediaFoundation-h265: 746d11721c4dcdbdad8f713fa42b33f4 -> 
  custom:video-decoder-webm-vp8: 9c59270c3fd7afecdb556c50c9e8de78 -> 
  custom:audio-decoder-ogg-vorbis: bf7c407c2cedff20999df2af8eb42d56 -> 
  custom:audio-encoder-webm-vorbis: bf7c407c2cedff20999df2af8eb42d56 -> 
========================================================================
Received Prepare
Registering precompiled user dll's ...
Registered in 0.008293 seconds.
Begin MonoManager ReloadAssembly
Symbol file LoadedFromMemory doesn't match image C:\Users\Andrea\Documents\GitHub\Breakout_Andrea-Flamigni\Library\PackageCache\com.unity.collab-proxy@1.15.15\Lib\Editor\PlasticSCM\unityplastic.dll
Native extension for WindowsStandalone target not found
Refreshing native plugins compatible for Editor in 0.65 ms, found 3 plugins.
Preloading 0 native plugins for Editor in 0.00 ms.
Mono: successfully reloaded assembly
- Completed reload, in  2.424 seconds
Domain Reload Profiling:
	ReloadAssembly (2425ms)
		BeginReloadAssembly (240ms)
			ExecutionOrderSort (0ms)
			DisableScriptedObjects (14ms)
			BackupInstance (0ms)
			ReleaseScriptingObjects (0ms)
			CreateAndSetChildDomain (58ms)
		EndReloadAssembly (2054ms)
			LoadAssemblies (247ms)
			RebuildTransferFunctionScriptingTraits (0ms)
			SetupTypeCache (677ms)
			ReleaseScriptCaches (2ms)
			RebuildScriptCaches (83ms)
			SetupLoadedEditorAssemblies (833ms)
				LogAssemblyErrors (0ms)
				InitializePlatformSupportModulesInManaged (9ms)
				SetLoadedEditorAssemblies (1ms)
				RefreshPlugins (1ms)
				BeforeProcessingInitializeOnLoad (257ms)
				ProcessInitializeOnLoadAttributes (507ms)
				ProcessInitializeOnLoadMethodAttributes (34ms)
				AfterProcessingInitializeOnLoad (25ms)
				EditorAssembliesLoaded (0ms)
			ExecutionOrderSort2 (0ms)
			AwakeInstancesAfterBackupRestoration (29ms)
Platform modules already initialized, skipping
Refreshing native plugins compatible for Editor in 0.99 ms, found 3 plugins.
Preloading 0 native plugins for Editor in 0.00 ms.
Unloading 2203 Unused Serialized files (Serialized files now loaded: 0)
System memory in use before: 100.5 MB.
System memory in use after: 100.7 MB.

Unloading 14 unused Assets to reduce memory usage. Loaded Objects now: 2731.
Total: 7.562100 ms (FindLiveObjects: 0.333300 ms CreateObjectMapping: 0.155900 ms MarkObjects: 7.035900 ms  DeleteObjects: 0.035500 ms)

AssetImportParameters requested are different than current active one (requested -> active):
  custom:framework-win-MediaFoundation: 216162199b28c13a410421893ffa2e32 -> 
  custom:video-decoder-ogg-theora: a1e56fd34408186e4bbccfd4996cb3dc -> 
  custom:container-muxer-webm: aa71ff27fc2769a1b78a27578f13a17b -> 
  custom:container-demuxer-webm: 4f35f7cbe854078d1ac9338744f61a02 -> 
  custom:container-demuxer-ogg: 62fdf1f143b41e24485cea50d1cbac27 -> 
  custom:video-encoder-webm-vp8: eb34c28f22e8b96e1ab97ce403110664 -> 
  custom:video-codec-MediaFoundation-h265: 746d11721c4dcdbdad8f713fa42b33f4 -> 
  custom:video-decoder-webm-vp8: 9c59270c3fd7afecdb556c50c9e8de78 -> 
  custom:audio-decoder-ogg-vorbis: bf7c407c2cedff20999df2af8eb42d56 -> 
  custom:audio-encoder-webm-vorbis: bf7c407c2cedff20999df2af8eb42d56 -> 
========================================================================
Received Prepare
Registering precompiled user dll's ...
Registered in 0.019078 seconds.
Begin MonoManager ReloadAssembly
Symbol file LoadedFromMemory doesn't match image C:\Users\Andrea\Documents\GitHub\Breakout_Andrea-Flamigni\Library\PackageCache\com.unity.collab-proxy@1.15.15\Lib\Editor\PlasticSCM\unityplastic.dll
Native extension for WindowsStandalone target not found
Refreshing native plugins compatible for Editor in 0.71 ms, found 3 plugins.
Preloading 0 native plugins for Editor in 0.00 ms.
Mono: successfully reloaded assembly
- Completed reload, in  4.064 seconds
Domain Reload Profiling:
	ReloadAssembly (4064ms)
		BeginReloadAssembly (1351ms)
			ExecutionOrderSort (0ms)
			DisableScriptedObjects (26ms)
			BackupInstance (0ms)
			ReleaseScriptingObjects (0ms)
			CreateAndSetChildDomain (130ms)
		EndReloadAssembly (2375ms)
			LoadAssemblies (1292ms)
			RebuildTransferFunctionScriptingTraits (0ms)
			SetupTypeCache (896ms)
			ReleaseScriptCaches (2ms)
			RebuildScriptCaches (155ms)
			SetupLoadedEditorAssemblies (734ms)
				LogAssemblyErrors (0ms)
				InitializePlatformSupportModulesInManaged (6ms)
				SetLoadedEditorAssemblies (1ms)
				RefreshPlugins (1ms)
				BeforeProcessingInitializeOnLoad (114ms)
				ProcessInitializeOnLoadAttributes (498ms)
				ProcessInitializeOnLoadMethodAttributes (56ms)
				AfterProcessingInitializeOnLoad (57ms)
				EditorAssembliesLoaded (0ms)
			ExecutionOrderSort2 (0ms)
			AwakeInstancesAfterBackupRestoration (20ms)
Platform modules already initialized, skipping
Refreshing native plugins compatible for Editor in 2.17 ms, found 3 plugins.
Preloading 0 native plugins for Editor in 0.00 ms.
Unloading 2203 Unused Serialized files (Serialized files now loaded: 0)
System memory in use before: 100.5 MB.
System memory in use after: 100.7 MB.

Unloading 14 unused Assets to reduce memory usage. Loaded Objects now: 2734.
Total: 4.144200 ms (FindLiveObjects: 0.262800 ms CreateObjectMapping: 0.117000 ms MarkObjects: 3.726000 ms  DeleteObjects: 0.036700 ms)

AssetImportParameters requested are different than current active one (requested -> active):
  custom:framework-win-MediaFoundation: 216162199b28c13a410421893ffa2e32 -> 
  custom:video-decoder-ogg-theora: a1e56fd34408186e4bbccfd4996cb3dc -> 
  custom:container-muxer-webm: aa71ff27fc2769a1b78a27578f13a17b -> 
  custom:container-demuxer-webm: 4f35f7cbe854078d1ac9338744f61a02 -> 
  custom:container-demuxer-ogg: 62fdf1f143b41e24485cea50d1cbac27 -> 
  custom:video-encoder-webm-vp8: eb34c28f22e8b96e1ab97ce403110664 -> 
  custom:video-codec-MediaFoundation-h265: 746d11721c4dcdbdad8f713fa42b33f4 -> 
  custom:video-decoder-webm-vp8: 9c59270c3fd7afecdb556c50c9e8de78 -> 
  custom:audio-decoder-ogg-vorbis: bf7c407c2cedff20999df2af8eb42d56 -> 
  custom:audio-encoder-webm-vorbis: bf7c407c2cedff20999df2af8eb42d56 -> 
========================================================================
Received Prepare
Registering precompiled user dll's ...
Registered in 0.007675 seconds.
Begin MonoManager ReloadAssembly
Symbol file LoadedFromMemory doesn't match image C:\Users\Andrea\Documents\GitHub\Breakout_Andrea-Flamigni\Library\PackageCache\com.unity.collab-proxy@1.15.15\Lib\Editor\PlasticSCM\unityplastic.dll
Native extension for WindowsStandalone target not found
Refreshing native plugins compatible for Editor in 0.55 ms, found 3 plugins.
Preloading 0 native plugins for Editor in 0.00 ms.
Mono: successfully reloaded assembly
- Completed reload, in  2.565 seconds
Domain Reload Profiling:
	ReloadAssembly (2566ms)
		BeginReloadAssembly (612ms)
			ExecutionOrderSort (0ms)
			DisableScriptedObjects (16ms)
			BackupInstance (0ms)
			ReleaseScriptingObjects (0ms)
			CreateAndSetChildDomain (212ms)
		EndReloadAssembly (1702ms)
			LoadAssemblies (384ms)
			RebuildTransferFunctionScriptingTraits (0ms)
			SetupTypeCache (534ms)
			ReleaseScriptCaches (1ms)
			RebuildScriptCaches (91ms)
			SetupLoadedEditorAssemblies (745ms)
				LogAssemblyErrors (0ms)
				InitializePlatformSupportModulesInManaged (6ms)
				SetLoadedEditorAssemblies (1ms)
				RefreshPlugins (1ms)
				BeforeProcessingInitializeOnLoad (117ms)
				ProcessInitializeOnLoadAttributes (585ms)
				ProcessInitializeOnLoadMethodAttributes (16ms)
				AfterProcessingInitializeOnLoad (19ms)
				EditorAssembliesLoaded (0ms)
			ExecutionOrderSort2 (0ms)
			AwakeInstancesAfterBackupRestoration (13ms)
Platform modules already initialized, skipping
Refreshing native plugins compatible for Editor in 1.67 ms, found 3 plugins.
Preloading 0 native plugins for Editor in 0.00 ms.
Unloading 2203 Unused Serialized files (Serialized files now loaded: 0)
System memory in use before: 100.4 MB.
System memory in use after: 100.6 MB.

Unloading 14 unused Assets to reduce memory usage. Loaded Objects now: 2737.
Total: 8.729800 ms (FindLiveObjects: 1.409600 ms CreateObjectMapping: 0.762800 ms MarkObjects: 6.518300 ms  DeleteObjects: 0.036700 ms)

AssetImportParameters requested are different than current active one (requested -> active):
  custom:framework-win-MediaFoundation: 216162199b28c13a410421893ffa2e32 -> 
  custom:video-decoder-ogg-theora: a1e56fd34408186e4bbccfd4996cb3dc -> 
  custom:container-muxer-webm: aa71ff27fc2769a1b78a27578f13a17b -> 
  custom:container-demuxer-webm: 4f35f7cbe854078d1ac9338744f61a02 -> 
  custom:container-demuxer-ogg: 62fdf1f143b41e24485cea50d1cbac27 -> 
  custom:video-encoder-webm-vp8: eb34c28f22e8b96e1ab97ce403110664 -> 
  custom:video-codec-MediaFoundation-h265: 746d11721c4dcdbdad8f713fa42b33f4 -> 
  custom:video-decoder-webm-vp8: 9c59270c3fd7afecdb556c50c9e8de78 -> 
  custom:audio-decoder-ogg-vorbis: bf7c407c2cedff20999df2af8eb42d56 -> 
  custom:audio-encoder-webm-vorbis: bf7c407c2cedff20999df2af8eb42d56 -> 
AssetImportWorkerClient::OnTransportError - code=2 error=End of file
